<?xml version="1.0" encoding="UTF-8"?>
<!-- Generated by org.testng.reporters.JUnitReportReporter -->
<testsuite skipped="0" hostname="samvansam" name="com.gconnectTestCases.Test02AddCustomer" tests="2" failures="0" timestamp="02 Oct 2018 05:48:23 GMT" time="50.708" errors="0">
  <testcase name="validateAddCustomerFunctions" time="25.942" classname="com.gconnectTestCases.Test02AddCustomer"/>
  <testcase name="setUp" time="24.766" classname="com.gconnectTestCases.Test02AddCustomer"/>
</testsuite> <!-- com.gconnectTestCases.Test02AddCustomer -->
