<?xml version="1.0" encoding="UTF-8"?>
<!-- Generated by org.testng.reporters.JUnitReportReporter -->
<testsuite skipped="0" hostname="samvansam" name="com.gconnectTestCases.Test02AddCustomerExcel" tests="6" failures="0" timestamp="01 Oct 2018 00:43:11 GMT" time="128.276" errors="0">
  <testcase name="setUp" time="15.363" classname="com.gconnectTestCases.Test02AddCustomerExcel"/>
  <testcase name="validateAddCustomerFunctions" time="57.582" classname="com.gconnectTestCases.Test02AddCustomerExcel"/>
  <testcase name="validateAddCustomerFunctions" time="13.084" classname="com.gconnectTestCases.Test02AddCustomerExcel"/>
  <testcase name="validateAddCustomerFunctions" time="12.061" classname="com.gconnectTestCases.Test02AddCustomerExcel"/>
  <testcase name="validateAddCustomerFunctions" time="16.672" classname="com.gconnectTestCases.Test02AddCustomerExcel"/>
  <testcase name="validateAddCustomerFunctions" time="13.514" classname="com.gconnectTestCases.Test02AddCustomerExcel"/>
</testsuite> <!-- com.gconnectTestCases.Test02AddCustomerExcel -->
