<?xml version="1.0" encoding="UTF-8"?>
<!-- Generated by org.testng.reporters.JUnitReportReporter -->
<testsuite skipped="0" hostname="samvansam" name="com.gconnectPages_allAppliPages.HomePage" tests="1" failures="0" timestamp="02 Oct 2018 05:33:49 GMT" time="8.830" errors="0">
  <testcase name="setUp" time="8.830" classname="com.gconnectPages_allAppliPages.HomePage"/>
</testsuite> <!-- com.gconnectPages_allAppliPages.HomePage -->
