<?xml version="1.0" encoding="UTF-8"?>
<!-- Generated by org.testng.reporters.JUnitReportReporter -->
<testsuite skipped="0" hostname="samvansam" name="com.gconnectBase_Parent_Generic.DriverScript" tests="1" failures="0" timestamp="25 Sep 2018 22:02:38 GMT" time="9.555" errors="0">
  <testcase name="setUp" time="9.555" classname="com.gconnectBase_Parent_Generic.DriverScript"/>
</testsuite> <!-- com.gconnectBase_Parent_Generic.DriverScript -->
