<?xml version="1.0" encoding="UTF-8"?>
<!-- Generated by org.testng.reporters.JUnitReportReporter -->
<testsuite skipped="0" hostname="samvansam" name="com.gconnectTestCases.Test01HomePgLinksVald" tests="2" failures="0" timestamp="02 Oct 2018 06:18:33 GMT" time="39.920" errors="0">
  <testcase name="setUp" time="19.007" classname="com.gconnectTestCases.Test01HomePgLinksVald"/>
  <testcase name="testVerifyHmPgLinks" time="20.913" classname="com.gconnectTestCases.Test01HomePgLinksVald"/>
</testsuite> <!-- com.gconnectTestCases.Test01HomePgLinksVald -->
