<?xml version="1.0" encoding="UTF-8"?>
<!-- Generated by org.testng.reporters.JUnitReportReporter -->
<testsuite skipped="0" hostname="samvansam" name="com.gconnectPages_allAppliPages.AddCustomerPage" tests="1" failures="0" timestamp="01 Oct 2018 07:58:58 GMT" time="7.058" errors="0">
  <testcase name="setUp" time="7.058" classname="com.gconnectPages_allAppliPages.AddCustomerPage"/>
</testsuite> <!-- com.gconnectPages_allAppliPages.AddCustomerPage -->
